takephoto/build/intermediates/manifest_merge_blame_file/debug/manifest-merger-blame-debug-report.txt
1<?xml version="1.0" encoding="utf-8"?>
2<manifest xmlns:android="http://schemas.android.com/apk/res/android"
3    package="com.lzr.takephoto"
4    android:versionCode="1"
5    android:versionName="1.0" >
6
7    <uses-sdk
8        android:minSdkVersion="16"
8-->src/main/AndroidManifest.xml
9        android:targetSdkVersion="30" />
9-->src/main/AndroidManifest.xml
10
11    <uses-permission android:name="android.permission.CAMERA" />
11-->src/main/AndroidManifest.xml:5:5-65
11-->src/main/AndroidManifest.xml:5:22-62
12    <uses-permission android:name="android.permission.READ_EXTERNAL_STORAGE" />
12-->src/main/AndroidManifest.xml:6:5-80
12-->src/main/AndroidManifest.xml:6:22-77
13    <uses-permission android:name="android.permission.WRITE_EXTERNAL_STORAGE" />
13-->src/main/AndroidManifest.xml:7:5-81
13-->src/main/AndroidManifest.xml:7:22-78
14    <uses-permission android:name="android.permission.ACCESS_COARSE_LOCATION" />
14-->src/main/AndroidManifest.xml:8:5-81
14-->src/main/AndroidManifest.xml:8:22-78
15
16    <application>
16-->src/main/AndroidManifest.xml:9:5-19:19
17        <provider
17-->src/main/AndroidManifest.xml:10:9-18:20
18            android:name="com.lzr.takephoto.TakePhotoProvider"
18-->src/main/AndroidManifest.xml:11:13-63
19            android:authorities="${applicationId}.takephotoprovider"
19-->src/main/AndroidManifest.xml:12:13-69
20            android:exported="false"
20-->src/main/AndroidManifest.xml:13:13-37
21            android:grantUriPermissions="true" >
21-->src/main/AndroidManifest.xml:14:13-47
22            <meta-data
22-->src/main/AndroidManifest.xml:15:13-17:59
23                android:name="android.support.FILE_PROVIDER_PATHS"
23-->src/main/AndroidManifest.xml:16:17-67
24                android:resource="@xml/takephoto_paths" />
24-->src/main/AndroidManifest.xml:17:17-56
25        </provider>
26    </application>
27
28</manifest>